<!DOCTYPE html>
<html>
<head>
    <title>Test report</title>
    <meta name="generator" content="HTMLTestRunner 1.0.18"/>
    <meta http-equiv="Content-Type" content="text/html; charset=UTF-8"/>
    <link rel="stylesheet" href="stylesheet.css">
    <script src="script.js"></script>
    <style>
        
    </style>
    <script>
        
    </script>
</head>
<body>
<div class='heading'>
    <h1 style="margin-left:1ex;">Test report</h1>
    
    <p class='attribute'><strong>Start Time : </strong> 2022-11-03 13:25:46</p>
    
    <p class='attribute'><strong>Duration : </strong> 0:00:27.050126</p>
    
    <p class='attribute'><strong>Status : </strong> Error 1</p>
    
    <p class='attribute'><strong>Description : </strong> HTMLTestReport</p>
    
    <p class='attribute'><strong>Tested By : </strong> Christian Price</p>
    
</div>
<div>
    <p id='show_detail_line'><b>Show</b>
        <button><a href='javascript:showCase(0)' style="color:#660066;">Summary</a></button>
        <button><a href='javascript:showCase(1)' style="color:#660066;">Failed</a></button>
        <button><a href='javascript:showCase(2)' style="color:#660066;">Passed</a></button>
        <button><a href='javascript:showCase(3)' style="color:#660066;">All</a></button>
    </p>
    <table id='result_table'>
        <colgroup>
            <col align='left'/>
            <col align='right'/>
            <col align='right'/>
            <col align='right'/>
            <col align='right'/>
            <col align='right'/>
        </colgroup>
        <tr id='header_row'>
            <td>Test Group/Test case</td>
            <td>Count</td>
            <td>Pass</td>
            <td>Fail</td>
            <td>Error</td>
            <td>View</td>
        </tr>
        
        <tr class='errorClass' style="font-weight:bold;color:white;">
            <td><a href="javascript:showClassDetail('c1','1')">tests.settings.test_sign_into_different_account.TestSignIntoDifferentAccount</a></td>
            <td>1</td>
            <td>0</td>
            <td>0</td>
            <td>1</td>
            <td>
                <button><a href="javascript:showClassDetail('c1','1')"
                           style="color:#660066;">Detail</a></button>
            </td>
        </tr>
            
            <tr id="ft1.1" class='none'>
                <td class='errorCase'>
                    <div class='testcase'>
                        <a class="popup_link" onfocus='this.blur();'
                           href="javascript:showTestDetail('div_ft1.1')">test_sign_into_different_account</a>
                    </div>
                </td>
                <td colspan='5' align='center'>
                    <div>
                        <!--css div popup start-->
                        <button>
                            <a class="popup_link" onfocus='this.blur();'
                               href="javascript:showTestDetail('div_ft1.1')" style="color:#660066;">
                                ERROR
                            </a></button>
                        <div id='div_ft1.1' class="popup_window">
                            <div style='text-align: right; color:red;cursor:pointer'>
                                <a onfocus='this.blur();'
                                   onclick="document.getElementById('div_ft1.1').style.display = 'none'; "
                                   style="color:red;">
                                    [x]</a>
                            </div>
                            <pre></pre>
                            <pre style="color: red;">Traceback (most recent call last):
  File "C:\Users\warnicka\embark-automation\tests\settings\test_sign_into_different_account.py", line 13, in test_sign_into_different_account
    self.get("https://www.stage.tall.global")
  File "C:\Users\warnicka\embark-automation\sessions\embark_session.py", line 30, in get
    self.driver.get(url)
  File "C:\Python310\lib\site-packages\selenium\webdriver\remote\webdriver.py", line 441, in get
    self.execute(Command.GET, {'url': url})
  File "C:\Python310\lib\site-packages\selenium\webdriver\remote\webdriver.py", line 429, in execute
    self.error_handler.check_response(response)
  File "C:\Python310\lib\site-packages\selenium\webdriver\remote\errorhandler.py", line 243, in check_response
    raise exception_class(message, screen, stacktrace)
selenium.common.exceptions.WebDriverException: Message: unknown error: net::ERR_NAME_NOT_RESOLVED
  (Session info: chrome=106.0.5249.119)
Stacktrace:
Backtrace:
	Ordinal0 [0x00601ED3+2236115]
	Ordinal0 [0x005992F1+1807089]
	Ordinal0 [0x004A66FD+812797]
	Ordinal0 [0x004A2C42+797762]
	Ordinal0 [0x00499C1D+760861]
	Ordinal0 [0x0049A9FC+764412]
	Ordinal0 [0x00499E5F+761439]
	Ordinal0 [0x00499350+758608]
	Ordinal0 [0x004992C1+758465]
	Ordinal0 [0x00498113+753939]
	Ordinal0 [0x0049861D+755229]
	Ordinal0 [0x004A800E+819214]
	Ordinal0 [0x005060CD+1204429]
	Ordinal0 [0x004F1A8C+1120908]
	Ordinal0 [0x005059E2+1202658]
	Ordinal0 [0x004F18A6+1120422]
	Ordinal0 [0x004CA73D+960317]
	Ordinal0 [0x004CB71F+964383]
	GetHandleVerifier [0x008AE7E2+2743074]
	GetHandleVerifier [0x008A08D4+2685972]
	GetHandleVerifier [0x00692BAA+532202]
	GetHandleVerifier [0x00691990+527568]
	Ordinal0 [0x005A080C+1837068]
	Ordinal0 [0x005A4CD8+1854680]
	Ordinal0 [0x005A4DC5+1854917]
	Ordinal0 [0x005AED64+1895780]
	BaseThreadInitThunk [0x75496739+25]
	RtlGetFullPathName_UEx [0x76FE8FEF+1215]
	RtlGetFullPathName_UEx [0x76FE8FBD+1165]

</pre>
                        </div>
                        <!--css div popup end-->
                    </div>
                </td>
            </tr>
            
        

        <tr id='total_row'>
            <td>Total</td>
            <td>1</td>
            <td>0</td>
            <td>0</td>
            <td>1</td>
            <td>&nbsp;</td>
        </tr>
    </table>
</div>
<br><br>
<div id='ending'><b>Time Elapsed: </b>0:00:27.050126</div>
</body>
</html>