<!DOCTYPE html>
<html>
<head>
    <title>Test report</title>
    <meta name="generator" content="HTMLTestRunner 1.0.18"/>
    <meta http-equiv="Content-Type" content="text/html; charset=UTF-8"/>
    <link rel="stylesheet" href="stylesheet.css">
    <script src="script.js"></script>
    <style>
        
    </style>
    <script>
        
    </script>
</head>
<body>
<div class='heading'>
    <h1 style="margin-left:1ex;">Test report</h1>
    
    <p class='attribute'><strong>Start Time : </strong> 2022-11-16 23:21:55</p>
    
    <p class='attribute'><strong>Duration : </strong> 0:02:51.510614</p>
    
    <p class='attribute'><strong>Status : </strong> Error 1</p>
    
    <p class='attribute'><strong>Description : </strong> HTMLTestReport</p>
    
    <p class='attribute'><strong>Tested By : </strong> Christian Price</p>
    
</div>
<div>
    <p id='show_detail_line'><b>Show</b>
        <button><a href='javascript:showCase(0)' style="color:#660066;">Summary</a></button>
        <button><a href='javascript:showCase(1)' style="color:#660066;">Failed</a></button>
        <button><a href='javascript:showCase(2)' style="color:#660066;">Passed</a></button>
        <button><a href='javascript:showCase(3)' style="color:#660066;">All</a></button>
    </p>
    <table id='result_table'>
        <colgroup>
            <col align='left'/>
            <col align='right'/>
            <col align='right'/>
            <col align='right'/>
            <col align='right'/>
            <col align='right'/>
        </colgroup>
        <tr id='header_row'>
            <td>Test Group/Test case</td>
            <td>Count</td>
            <td>Pass</td>
            <td>Fail</td>
            <td>Error</td>
            <td>View</td>
        </tr>
        
        <tr class='errorClass' style="font-weight:bold;color:white;">
            <td><a href="javascript:showClassDetail('c1','1')">tests.discover.test_vocab_spaced_review.TestVocabSpacedReview</a></td>
            <td>1</td>
            <td>0</td>
            <td>0</td>
            <td>1</td>
            <td>
                <button><a href="javascript:showClassDetail('c1','1')"
                           style="color:#660066;">Detail</a></button>
            </td>
        </tr>
            
            <tr id="ft1.1" class='none'>
                <td class='errorCase'>
                    <div class='testcase'>
                        <a class="popup_link" onfocus='this.blur();'
                           href="javascript:showTestDetail('div_ft1.1')">test_vocab_spaced_review</a>
                    </div>
                </td>
                <td colspan='5' align='center'>
                    <div>
                        <!--css div popup start-->
                        <button>
                            <a class="popup_link" onfocus='this.blur();'
                               href="javascript:showTestDetail('div_ft1.1')" style="color:#660066;">
                                ERROR
                            </a></button>
                        <div id='div_ft1.1' class="popup_window">
                            <div style='text-align: right; color:red;cursor:pointer'>
                                <a onfocus='this.blur();'
                                   onclick="document.getElementById('div_ft1.1').style.display = 'none'; "
                                   style="color:red;">
                                    [x]</a>
                            </div>
                            <pre></pre>
                            <pre style="color: red;">Traceback (most recent call last):
  File "c:\Users\warnicka\embark-automation\tests\discover\test_vocab_spaced_review.py", line 85, in test_vocab_spaced_review
    self.wait_for_element_to_be_clickable(e.spaced_review_continue_button)
  File "c:\Users\warnicka\embark-automation\tests\embark_tests.py", line 44, in wait_for_element_to_be_clickable
    self.assertTrue(super()._wait_for_element_to_be_clickable(element[0:2], time), f"Took too long for {element[2]} to be clickable")
  File "c:\Users\warnicka\embark-automation\sessions\embark_session.py", line 125, in _wait_for_element_to_be_clickable
    WebDriverWait(self.driver, time).until(
  File "C:\Python310\lib\site-packages\selenium\webdriver\support\wait.py", line 81, in until
    value = method(self._driver)
  File "C:\Python310\lib\site-packages\selenium\webdriver\support\expected_conditions.py", line 313, in _predicate
    target = visibility_of(target)(driver)
  File "C:\Python310\lib\site-packages\selenium\webdriver\support\expected_conditions.py", line 141, in _predicate
    return _element_if_visible(element)
  File "C:\Python310\lib\site-packages\selenium\webdriver\support\expected_conditions.py", line 147, in _element_if_visible
    return element if element.is_displayed() == visibility else False
  File "C:\Python310\lib\site-packages\selenium\webdriver\remote\webelement.py", line 250, in is_displayed
    return self.parent.execute_script(
  File "C:\Python310\lib\site-packages\selenium\webdriver\remote\webdriver.py", line 492, in execute_script
    return self.execute(command, {
  File "C:\Python310\lib\site-packages\selenium\webdriver\remote\webdriver.py", line 429, in execute
    self.error_handler.check_response(response)
  File "C:\Python310\lib\site-packages\selenium\webdriver\remote\errorhandler.py", line 243, in check_response
    raise exception_class(message, screen, stacktrace)
selenium.common.exceptions.StaleElementReferenceException: Message: stale element reference: element is not attached to the page document
  (Session info: chrome=107.0.5304.107)
Stacktrace:
Backtrace:
	Ordinal0 [0x006AACD3+2075859]
	Ordinal0 [0x0063EE61+1633889]
	Ordinal0 [0x0053B7BD+571325]
	Ordinal0 [0x0053E374+582516]
	Ordinal0 [0x0053E225+582181]
	Ordinal0 [0x0053EBA5+584613]
	Ordinal0 [0x0059BF4F+966479]
	Ordinal0 [0x0058731C+881436]
	Ordinal0 [0x0059B56A+963946]
	Ordinal0 [0x00587136+880950]
	Ordinal0 [0x0055FEFD+720637]
	Ordinal0 [0x00560F3F+724799]
	GetHandleVerifier [0x0095EED2+2769538]
	GetHandleVerifier [0x00950D95+2711877]
	GetHandleVerifier [0x0073A03A+521194]
	GetHandleVerifier [0x00738DA0+516432]
	Ordinal0 [0x0064682C+1665068]
	Ordinal0 [0x0064B128+1683752]
	Ordinal0 [0x0064B215+1683989]
	Ordinal0 [0x00656484+1729668]
	BaseThreadInitThunk [0x76326739+25]
	RtlGetFullPathName_UEx [0x771F8FEF+1215]
	RtlGetFullPathName_UEx [0x771F8FBD+1165]

</pre>
                        </div>
                        <!--css div popup end-->
                    </div>
                </td>
            </tr>
            
        

        <tr id='total_row'>
            <td>Total</td>
            <td>1</td>
            <td>0</td>
            <td>0</td>
            <td>1</td>
            <td>&nbsp;</td>
        </tr>
    </table>
</div>
<br><br>
<div id='ending'><b>Time Elapsed: </b>0:02:51.510614</div>
</body>
</html>