<!DOCTYPE html>
<html>
<head>
    <title>Test report</title>
    <meta name="generator" content="HTMLTestRunner 1.0.18"/>
    <meta http-equiv="Content-Type" content="text/html; charset=UTF-8"/>
    <link rel="stylesheet" href="stylesheet.css">
    <script src="script.js"></script>
    <style>
        
    </style>
    <script>
        
    </script>
</head>
<body>
<div class='heading'>
    <h1 style="margin-left:1ex;">Test report</h1>
    
    <p class='attribute'><strong>Start Time : </strong> 2022-10-19 08:45:07</p>
    
    <p class='attribute'><strong>Duration : </strong> 0:00:18.604556</p>
    
    <p class='attribute'><strong>Status : </strong> Error 1</p>
    
    <p class='attribute'><strong>Description : </strong> HTMLTestReport</p>
    
    <p class='attribute'><strong>Tested By : </strong> Christian Price</p>
    
</div>
<div>
    <p id='show_detail_line'><b>Show</b>
        <button><a href='javascript:showCase(0)' style="color:#660066;">Summary</a></button>
        <button><a href='javascript:showCase(1)' style="color:#660066;">Failed</a></button>
        <button><a href='javascript:showCase(2)' style="color:#660066;">Passed</a></button>
        <button><a href='javascript:showCase(3)' style="color:#660066;">All</a></button>
    </p>
    <table id='result_table'>
        <colgroup>
            <col align='left'/>
            <col align='right'/>
            <col align='right'/>
            <col align='right'/>
            <col align='right'/>
            <col align='right'/>
        </colgroup>
        <tr id='header_row'>
            <td>Test Group/Test case</td>
            <td>Count</td>
            <td>Pass</td>
            <td>Fail</td>
            <td>Error</td>
            <td>View</td>
        </tr>
        
        <tr class='errorClass' style="font-weight:bold;color:white;">
            <td><a href="javascript:showClassDetail('c1','1')">src.tests.settings.test_delete_language.TestDeleteLanguage</a></td>
            <td>1</td>
            <td>0</td>
            <td>0</td>
            <td>1</td>
            <td>
                <button><a href="javascript:showClassDetail('c1','1')"
                           style="color:#660066;">Detail</a></button>
            </td>
        </tr>
            
            <tr id="ft1.1" class='none'>
                <td class='errorCase'>
                    <div class='testcase'>
                        <a class="popup_link" onfocus='this.blur();'
                           href="javascript:showTestDetail('div_ft1.1')">test_delete_language</a>
                    </div>
                </td>
                <td colspan='5' align='center'>
                    <div>
                        <!--css div popup start-->
                        <button>
                            <a class="popup_link" onfocus='this.blur();'
                               href="javascript:showTestDetail('div_ft1.1')" style="color:#660066;">
                                ERROR
                            </a></button>
                        <div id='div_ft1.1' class="popup_window">
                            <div style='text-align: right; color:red;cursor:pointer'>
                                <a onfocus='this.blur();'
                                   onclick="document.getElementById('div_ft1.1').style.display = 'none'; "
                                   style="color:red;">
                                    [x]</a>
                            </div>
                            <pre></pre>
                            <pre style="color: red;">Traceback (most recent call last):
  File "C:\Users\warnicka\embark-automation\src\tests\settings\test_delete_language.py", line 9, in test_delete_language
    self.click(e.languages_button)
  File "C:\Users\warnicka\embark-automation\tests\embark_tests.py", line 45, in click
    self.assertTrue(self._click(element[0:2], time), f"couldn't find element {element[2]} by {element[0:2]}. This is likely a broken test")
  File "C:\Users\warnicka\embark-automation\sessions\embark_session.py", line 86, in _click
    self._find(element, time)
  File "C:\Users\warnicka\embark-automation\sessions\embark_session.py", line 71, in _find
    WebDriverWait(self.driver, time).until(
  File "C:\Python310\lib\site-packages\selenium\webdriver\support\wait.py", line 81, in until
    value = method(self._driver)
  File "C:\Python310\lib\site-packages\selenium\webdriver\support\expected_conditions.py", line 64, in _predicate
    return driver.find_element(*locator)
  File "C:\Python310\lib\site-packages\selenium\webdriver\remote\webdriver.py", line 856, in find_element
    return self.execute(Command.FIND_ELEMENT, {
  File "C:\Python310\lib\site-packages\selenium\webdriver\remote\webdriver.py", line 429, in execute
    self.error_handler.check_response(response)
  File "C:\Python310\lib\site-packages\selenium\webdriver\remote\errorhandler.py", line 243, in check_response
    raise exception_class(message, screen, stacktrace)
selenium.common.exceptions.InvalidSelectorException: Message: invalid selector: An invalid or illegal selector was specified
  (Session info: chrome=106.0.5249.119)
Stacktrace:
Backtrace:
	Ordinal0 [0x002B1ED3+2236115]
	Ordinal0 [0x002492F1+1807089]
	Ordinal0 [0x001566FD+812797]
	Ordinal0 [0x001592B4+823988]
	Ordinal0 [0x00159165+823653]
	Ordinal0 [0x00159400+824320]
	Ordinal0 [0x00185352+1004370]
	Ordinal0 [0x001857CB+1005515]
	Ordinal0 [0x001B7632+1209906]
	Ordinal0 [0x001A1AD4+1120980]
	Ordinal0 [0x001B59E2+1202658]
	Ordinal0 [0x001A18A6+1120422]
	Ordinal0 [0x0017A73D+960317]
	Ordinal0 [0x0017B71F+964383]
	GetHandleVerifier [0x0055E7E2+2743074]
	GetHandleVerifier [0x005508D4+2685972]
	GetHandleVerifier [0x00342BAA+532202]
	GetHandleVerifier [0x00341990+527568]
	Ordinal0 [0x0025080C+1837068]
	Ordinal0 [0x00254CD8+1854680]
	Ordinal0 [0x00254DC5+1854917]
	Ordinal0 [0x0025ED64+1895780]
	BaseThreadInitThunk [0x76B36739+25]
	RtlGetFullPathName_UEx [0x775A8FEF+1215]
	RtlGetFullPathName_UEx [0x775A8FBD+1165]
	(No symbol) [0x00000000]

</pre>
                        </div>
                        <!--css div popup end-->
                    </div>
                </td>
            </tr>
            
        

        <tr id='total_row'>
            <td>Total</td>
            <td>1</td>
            <td>0</td>
            <td>0</td>
            <td>1</td>
            <td>&nbsp;</td>
        </tr>
    </table>
</div>
<br><br>
<div id='ending'><b>Time Elapsed: </b>0:00:18.604556</div>
</body>
</html>