<!DOCTYPE html>
<html>
<head>
    <title>Test report</title>
    <meta name="generator" content="HTMLTestRunner 1.0.18"/>
    <meta http-equiv="Content-Type" content="text/html; charset=UTF-8"/>
    <link rel="stylesheet" href="stylesheet.css">
    <script src="script.js"></script>
    <style>
        
    </style>
    <script>
        
    </script>
</head>
<body>
<div class='heading'>
    <h1 style="margin-left:1ex;">Test report</h1>
    
    <p class='attribute'><strong>Start Time : </strong> 2022-10-24 13:00:13</p>
    
    <p class='attribute'><strong>Duration : </strong> 0:00:51.302312</p>
    
    <p class='attribute'><strong>Status : </strong> Error 2</p>
    
    <p class='attribute'><strong>Description : </strong> HTMLTestReport</p>
    
    <p class='attribute'><strong>Tested By : </strong> Christian Price</p>
    
</div>
<div>
    <p id='show_detail_line'><b>Show</b>
        <button><a href='javascript:showCase(0)' style="color:#660066;">Summary</a></button>
        <button><a href='javascript:showCase(1)' style="color:#660066;">Failed</a></button>
        <button><a href='javascript:showCase(2)' style="color:#660066;">Passed</a></button>
        <button><a href='javascript:showCase(3)' style="color:#660066;">All</a></button>
    </p>
    <table id='result_table'>
        <colgroup>
            <col align='left'/>
            <col align='right'/>
            <col align='right'/>
            <col align='right'/>
            <col align='right'/>
            <col align='right'/>
        </colgroup>
        <tr id='header_row'>
            <td>Test Group/Test case</td>
            <td>Count</td>
            <td>Pass</td>
            <td>Fail</td>
            <td>Error</td>
            <td>View</td>
        </tr>
        
        <tr class='errorClass' style="font-weight:bold;color:white;">
            <td><a href="javascript:showClassDetail('c1','2')">tests.settings.test_sound.TestSound</a></td>
            <td>2</td>
            <td>0</td>
            <td>0</td>
            <td>2</td>
            <td>
                <button><a href="javascript:showClassDetail('c1','2')"
                           style="color:#660066;">Detail</a></button>
            </td>
        </tr>
            
            <tr id="ft1.1" class='none'>
                <td class='errorCase'>
                    <div class='testcase'>
                        <a class="popup_link" onfocus='this.blur();'
                           href="javascript:showTestDetail('div_ft1.1')">test_sound</a>
                    </div>
                </td>
                <td colspan='5' align='center'>
                    <div>
                        <!--css div popup start-->
                        <button>
                            <a class="popup_link" onfocus='this.blur();'
                               href="javascript:showTestDetail('div_ft1.1')" style="color:#660066;">
                                ERROR
                            </a></button>
                        <div id='div_ft1.1' class="popup_window">
                            <div style='text-align: right; color:red;cursor:pointer'>
                                <a onfocus='this.blur();'
                                   onclick="document.getElementById('div_ft1.1').style.display = 'none'; "
                                   style="color:red;">
                                    [x]</a>
                            </div>
                            <pre></pre>
                            <pre style="color: red;">Traceback (most recent call last):
  File "C:\Users\warnicka\embark-automation\tests\settings\test_sound.py", line 21, in test_sound
    audio = self.get_element(e.audio)
  File "C:\Users\warnicka\embark-automation\tests\embark_tests.py", line 56, in get_element
    self.find(element)
  File "C:\Users\warnicka\embark-automation\tests\embark_tests.py", line 47, in find
    self.assertTrue(self._find(element[0:2], time), f"couldn't find element {element[2]} by {element[0:2]}. This is likely an out of date CSS Selector")
  File "C:\Users\warnicka\embark-automation\sessions\embark_session.py", line 76, in _find
    WebDriverWait(self.driver, time).until(
  File "C:\Python310\lib\site-packages\selenium\webdriver\support\wait.py", line 81, in until
    value = method(self._driver)
  File "C:\Python310\lib\site-packages\selenium\webdriver\support\expected_conditions.py", line 64, in _predicate
    return driver.find_element(*locator)
  File "C:\Python310\lib\site-packages\selenium\webdriver\remote\webdriver.py", line 856, in find_element
    return self.execute(Command.FIND_ELEMENT, {
  File "C:\Python310\lib\site-packages\selenium\webdriver\remote\webdriver.py", line 429, in execute
    self.error_handler.check_response(response)
  File "C:\Python310\lib\site-packages\selenium\webdriver\remote\errorhandler.py", line 243, in check_response
    raise exception_class(message, screen, stacktrace)
selenium.common.exceptions.NoSuchWindowException: Message: no such window: target window already closed
from unknown error: web view not found
  (Session info: chrome=106.0.5249.119)
Stacktrace:
Backtrace:
	Ordinal0 [0x00C11ED3+2236115]
	Ordinal0 [0x00BA92F1+1807089]
	Ordinal0 [0x00AB66FD+812797]
	Ordinal0 [0x00A9DFFA+712698]
	Ordinal0 [0x00B0506B+1134699]
	Ordinal0 [0x00B1514A+1200458]
	Ordinal0 [0x00B018A6+1120422]
	Ordinal0 [0x00ADA73D+960317]
	Ordinal0 [0x00ADB71F+964383]
	GetHandleVerifier [0x00EBE7E2+2743074]
	GetHandleVerifier [0x00EB08D4+2685972]
	GetHandleVerifier [0x00CA2BAA+532202]
	GetHandleVerifier [0x00CA1990+527568]
	Ordinal0 [0x00BB080C+1837068]
	Ordinal0 [0x00BB4CD8+1854680]
	Ordinal0 [0x00BB4DC5+1854917]
	Ordinal0 [0x00BBED64+1895780]
	BaseThreadInitThunk [0x76B36739+25]
	RtlGetFullPathName_UEx [0x775A8FEF+1215]
	RtlGetFullPathName_UEx [0x775A8FBD+1165]

</pre>
                        </div>
                        <!--css div popup end-->
                    </div>
                </td>
            </tr>
            
            <tr id="ft1.2" class='none'>
                <td class='errorCase'>
                    <div class='testcase'>
                        <a class="popup_link" onfocus='this.blur();'
                           href="javascript:showTestDetail('div_ft1.2')">test_sound</a>
                    </div>
                </td>
                <td colspan='5' align='center'>
                    <div>
                        <!--css div popup start-->
                        <button>
                            <a class="popup_link" onfocus='this.blur();'
                               href="javascript:showTestDetail('div_ft1.2')" style="color:#660066;">
                                ERROR
                            </a></button>
                        <div id='div_ft1.2' class="popup_window">
                            <div style='text-align: right; color:red;cursor:pointer'>
                                <a onfocus='this.blur();'
                                   onclick="document.getElementById('div_ft1.2').style.display = 'none'; "
                                   style="color:red;">
                                    [x]</a>
                            </div>
                            <pre></pre>
                            <pre style="color: red;">Traceback (most recent call last):
  File "C:\Users\warnicka\embark-automation\tests\embark_tests.py", line 15, in tearDown
    self.save_screenshot(f"./report/{self.id()}.png")
  File "C:\Users\warnicka\embark-automation\sessions\embark_session.py", line 45, in save_screenshot
    self.driver.save_screenshot(filename=filename)
  File "C:\Python310\lib\site-packages\selenium\webdriver\remote\webdriver.py", line 952, in save_screenshot
    return self.get_screenshot_as_file(filename)
  File "C:\Python310\lib\site-packages\selenium\webdriver\remote\webdriver.py", line 927, in get_screenshot_as_file
    png = self.get_screenshot_as_png()
  File "C:\Python310\lib\site-packages\selenium\webdriver\remote\webdriver.py", line 963, in get_screenshot_as_png
    return b64decode(self.get_screenshot_as_base64().encode('ascii'))
  File "C:\Python310\lib\site-packages\selenium\webdriver\remote\webdriver.py", line 975, in get_screenshot_as_base64
    return self.execute(Command.SCREENSHOT)['value']
  File "C:\Python310\lib\site-packages\selenium\webdriver\remote\webdriver.py", line 429, in execute
    self.error_handler.check_response(response)
  File "C:\Python310\lib\site-packages\selenium\webdriver\remote\errorhandler.py", line 243, in check_response
    raise exception_class(message, screen, stacktrace)
selenium.common.exceptions.NoSuchWindowException: Message: no such window: target window already closed
from unknown error: web view not found
  (Session info: chrome=106.0.5249.119)
Stacktrace:
Backtrace:
	Ordinal0 [0x00C11ED3+2236115]
	Ordinal0 [0x00BA92F1+1807089]
	Ordinal0 [0x00AB66FD+812797]
	Ordinal0 [0x00A9DFFA+712698]
	Ordinal0 [0x00B0506B+1134699]
	Ordinal0 [0x00B1514A+1200458]
	Ordinal0 [0x00B018A6+1120422]
	Ordinal0 [0x00ADA73D+960317]
	Ordinal0 [0x00ADB71F+964383]
	GetHandleVerifier [0x00EBE7E2+2743074]
	GetHandleVerifier [0x00EB08D4+2685972]
	GetHandleVerifier [0x00CA2BAA+532202]
	GetHandleVerifier [0x00CA1990+527568]
	Ordinal0 [0x00BB080C+1837068]
	Ordinal0 [0x00BB4CD8+1854680]
	Ordinal0 [0x00BB4DC5+1854917]
	Ordinal0 [0x00BBED64+1895780]
	BaseThreadInitThunk [0x76B36739+25]
	RtlGetFullPathName_UEx [0x775A8FEF+1215]
	RtlGetFullPathName_UEx [0x775A8FBD+1165]

</pre>
                        </div>
                        <!--css div popup end-->
                    </div>
                </td>
            </tr>
            
        

        <tr id='total_row'>
            <td>Total</td>
            <td>2</td>
            <td>0</td>
            <td>0</td>
            <td>2</td>
            <td>&nbsp;</td>
        </tr>
    </table>
</div>
<br><br>
<div id='ending'><b>Time Elapsed: </b>0:00:51.302312</div>
</body>
</html>